The system is: Windows - 10.0.22631 - AMD64
Compiling the C compiler identification source file "CMakeCCompilerId.c" succeeded.
Compiler: C:/Program Files/Microsoft Visual Studio/2022/Community/VC/Tools/MSVC/14.36.32532/bin/Hostx64/x64/cl.exe 
Build flags: 
Id flags:  

The output was:
0
Microsoft (R) C/C++-Optimierungscompiler Version 19.36.32537 für x64
Copyright (C) Microsoft Corporation. Alle Rechte vorbehalten.

CMakeCCompilerId.c
Microsoft (R) Incremental Linker Version 14.36.32537.0
Copyright (C) Microsoft Corporation.  All rights reserved.

/out:CMakeCCompilerId.exe 
CMakeCCompilerId.obj 


Compilation of the C compiler identification source "CMakeCCompilerId.c" produced "CMakeCCompilerId.exe"

Compilation of the C compiler identification source "CMakeCCompilerId.c" produced "CMakeCCompilerId.obj"

The C compiler identification is MSVC, found in "C:/Users/marco/Projects/xmidictrl/build_release/CMakeFiles/3.24.2/CompilerIdC/CMakeCCompilerId.exe"

Compiling the CXX compiler identification source file "CMakeCXXCompilerId.cpp" succeeded.
Compiler: C:/Program Files/Microsoft Visual Studio/2022/Community/VC/Tools/MSVC/14.36.32532/bin/Hostx64/x64/cl.exe 
Build flags: 
Id flags:  

The output was:
0
Microsoft (R) C/C++-Optimierungscompiler Version 19.36.32537 für x64
Copyright (C) Microsoft Corporation. Alle Rechte vorbehalten.

CMakeCXXCompilerId.cpp
Microsoft (R) Incremental Linker Version 14.36.32537.0
Copyright (C) Microsoft Corporation.  All rights reserved.

/out:CMakeCXXCompilerId.exe 
CMakeCXXCompilerId.obj 


Compilation of the CXX compiler identification source "CMakeCXXCompilerId.cpp" produced "CMakeCXXCompilerId.exe"

Compilation of the CXX compiler identification source "CMakeCXXCompilerId.cpp" produced "CMakeCXXCompilerId.obj"

The CXX compiler identification is MSVC, found in "C:/Users/marco/Projects/xmidictrl/build_release/CMakeFiles/3.24.2/CompilerIdCXX/CMakeCXXCompilerId.exe"

Detecting C compiler ABI info compiled with the following output:
Change Dir: C:/Users/marco/Projects/xmidictrl/build_release/CMakeFiles/CMakeTmp

Run Build Command(s):C:/Users/marco/AppData/Local/JetBrains/Toolbox/apps/CLion/ch-0/223.7571.171/bin/ninja/win/ninja.exe cmTC_753af && [1/2] Building C object CMakeFiles\cmTC_753af.dir\CMakeCCompilerABI.c.obj
[2/2] Linking C executable cmTC_753af.exe



Detecting CXX compiler ABI info compiled with the following output:
Change Dir: C:/Users/marco/Projects/xmidictrl/build_release/CMakeFiles/CMakeTmp

Run Build Command(s):C:/Users/marco/AppData/Local/JetBrains/Toolbox/apps/CLion/ch-0/223.7571.171/bin/ninja/win/ninja.exe cmTC_8e666 && [1/2] Building CXX object CMakeFiles\cmTC_8e666.dir\CMakeCXXCompilerABI.cpp.obj
[2/2] Linking CXX executable cmTC_8e666.exe



Performing C++ SOURCE FILE Test COMPILER_HAS_DEPRECATED succeeded with the following output:
Change Dir: C:/Users/marco/Projects/xmidictrl/build_release/CMakeFiles/CMakeTmp

Run Build Command(s):C:/Users/marco/AppData/Local/JetBrains/Toolbox/apps/CLion/ch-0/223.7571.171/bin/ninja/win/ninja.exe cmTC_52128 && [1/2] Building CXX object CMakeFiles\cmTC_52128.dir\src.cxx.obj
[2/2] Linking CXX executable cmTC_52128.exe


Source file was:
__declspec(deprecated) int somefunc() { return 0; }
    int main() { return somefunc();}
